
Showing logs for build [32mcb-kubecd-environment-pr-1349-3-gb6nk-1[0m stage [32mfrom-build-pack[0m and container [32mstep-credential-initializer-qpfph[0m
{"level":"warn","ts":1585694046.4639466,"logger":"fallback-logger","caller":"logging/config.go:69","msg":"Fetch GitHub commit ID from kodata failed: \"ref: refs/heads/0.8.0-**-support-backwards-incompats\" is not a valid GitHub commit ID"}
{"level":"info","ts":1585694046.4647064,"logger":"fallback-logger","caller":"creds-init/main.go:40","msg":"Credentials initialized."}

Showing logs for build [32mcb-kubecd-environment-pr-1349-3-gb6nk-1[0m stage [32mfrom-build-pack[0m and container [32mstep-working-dir-initializer-nlcd9[0m
{"level":"warn","ts":1585694046.9910967,"logger":"fallback-logger","caller":"logging/config.go:69","msg":"Fetch GitHub commit ID from kodata failed: open /var/run/ko/HEAD: no such file or directory"}
{"level":"info","ts":1585694046.992792,"logger":"fallback-logger","caller":"bash/main.go:64","msg":"Successfully executed command \"sh -c mkdir -p /workspace/source\"; output "}

Showing logs for build [32mcb-kubecd-environment-pr-1349-3-gb6nk-1[0m stage [32mfrom-build-pack[0m and container [32mstep-place-tools[0m

Showing logs for build [32mcb-kubecd-environment-pr-1349-3-gb6nk-1[0m stage [32mfrom-build-pack[0m and container [32mstep-git-source-cb-kubecd-environment-pr-1349-3-gb6nk-hg8gj[0m
{"level":"warn","ts":1585694053.0698652,"logger":"fallback-logger","caller":"logging/config.go:69","msg":"Fetch GitHub commit ID from kodata failed: \"ref: refs/heads/0.8.0-**-support-backwards-incompats\" is not a valid GitHub commit ID"}
{"level":"info","ts":1585694054.1578963,"logger":"fallback-logger","caller":"git/git.go:103","msg":"Successfully cloned https://github.com/cb-kubecd/environment-pr-1349-3-bdd-frontend-staging.git @ master in path /workspace/source"}

Showing logs for build [32mcb-kubecd-environment-pr-1349-3-gb6nk-1[0m stage [32mfrom-build-pack[0m and container [32mstep-git-merge[0m
Using SHAs from PULL_REFS=master:c51a8108fae02e58176287805211c0315ac7687e,1:535d2f9c896f30366cd7aab3419fe8aca805d780
DEBUG: LC_ALL=C JX_LOG_LEVEL=error git fetch origin --unshallow 535d2f9c896f30366cd7aab3419fe8aca805d780: c51a8108fae02e58176287805211c0315ac7687e:
DEBUG: ran git fetch --unshallow origin 535d2f9c896f30366cd7aab3419fe8aca805d780: c51a8108fae02e58176287805211c0315ac7687e: in 
DEBUG: LC_ALL=C JX_LOG_LEVEL=error git branch
DEBUG: LC_ALL=C JX_LOG_LEVEL=error git checkout master
DEBUG: ran git checkout master in 
DEBUG: LC_ALL=C JX_LOG_LEVEL=error git reset --hard c51a8108fae02e58176287805211c0315ac7687e
DEBUG: ran git reset --hard c51a8108fae02e58176287805211c0315ac7687e in 
DEBUG: LC_ALL=C JX_LOG_LEVEL=error git clean -fd .
DEBUG: ran clean --force -d . in 
DEBUG: LC_ALL=C JX_LOG_LEVEL=error git merge 535d2f9c896f30366cd7aab3419fe8aca805d780
DEBUG: ran git merge 535d2f9c896f30366cd7aab3419fe8aca805d780 in 
DEBUG: LC_ALL=C JX_LOG_LEVEL=error git log --format=%H%x1f%an%x1f%ae%x1f%cn%x1f%ce%x1f%s%n%b%x1e c51a8108fae02e58176287805211c0315ac7687e..HEAD
Merged SHA 535d2f9c896f30366cd7aab3419fe8aca805d780 with commit message 'chore: Promote bdd-nh-1585693004 to version 0.0.1' into base branch master

Showing logs for build [32mcb-kubecd-environment-pr-1349-3-gb6nk-1[0m stage [32mfrom-build-pack[0m and container [32mstep-build-helm-build[0m
WARNING: No $CHART_REPOSITORY defined so using the default value of: http://jenkins-x-chartmuseum:8080
Adding missing Helm repo: storage.googleapis.com https://storage.googleapis.com/chartmuseum.jenkins-x.io
WARNING: No secrets found on "helm/repos" due: reading the secret "helm/repos" from vault: no secret "helm/repos" not found in vault
Read credentials for https://storage.googleapis.com/chartmuseum.jenkins-x.io from vault helm/repos
Successfully added Helm repository storage.googleapis.com.
Adding missing Helm repo: jenkins-x-chartmuseum http://jenkins-x-chartmuseum:8080
WARNING: No secrets found on "helm/repos" due: reading the secret "helm/repos" from vault: no secret "helm/repos" not found in vault
Read credentials for http://jenkins-x-chartmuseum:8080 from vault helm/repos
Successfully added Helm repository jenkins-x-chartmuseum.
WARNING: No $CHART_REPOSITORY defined so using the default value of: http://jenkins-x-chartmuseum:8080
Adding missing Helm repo: chartmuseum.jenkins-x.io http://chartmuseum.jenkins-x.io
WARNING: No secrets found on "helm/repos" due: reading the secret "helm/repos" from vault: no secret "helm/repos" not found in vault
Read credentials for http://chartmuseum.jenkins-x.io from vault helm/repos
Successfully added Helm repository chartmuseum.jenkins-x.io.
